         w __deregister_frame_info
         w __register_frame_info
         w _ITM_deregisterTMCloneTable
         w _ITM_registerTMCloneTable
         w _Jv_RegisterClasses
00000000 b .LANCHOR1
00000000 b _TLS_MODULE_BASE_
00000000 a shift
00000000 a shift
00000000 00002000 b tmp_buffer.6665
00001ff8 b .LANCHOR2
00002000 00000401 b __fixedpath
00002404 00000802 b __utf16path
00002c08 00000802 b __utf16path_old.6736
00100000 T __start__
00100000 T _start
00100008 T __service_ptr
0010000c T __apt_appid
00100010 T __heap_size
00100014 T __linear_heap_size
00100018 T __system_arglist
0010001c T __system_runflags
00100020 t startup
00100058 t ClearMem
0010006c t ClrLoop
00100094 T _init
001000ac t deregister_tm_clones
001000dc t register_tm_clones
00100114 t __do_global_dtors_aux
00100158 t frame_dummy
001001b8 000001c8 T initfft
00100380 00000004 T destroyfft
00100384 0000031c T applyfft
001006a0 00000088 T buildHammingWindow
00100728 00000088 T buildHanWindow
001007b0 00000028 T applyWindow
001007d8 000000c4 T computeSecondOrderLowPassParameters
0010089c 00000054 T processSecondOrderFilter
001008f0 T initSystem
00100934 T __ctru_exit
00100954 T __aeabi_idiv
00100954 00000220 T __divsi3
0010095c t .divsi3_skip_div0_test
00100b74 00000020 T __aeabi_idivmod
00100b94 00000004 W __aeabi_idiv0
00100b94 00000004 W __aeabi_ldiv0
00100b98 T __aeabi_uldivmod
00100bd4 00000128 T __udivmoddi4
00100d08 00000390 T strcmp
001010a0 00000008 t null_write
001010a8 00000018 T setDefaultDevice
001010c0 000000bc T FindDevice
0010117c 0000002c T RemoveDevice
001011a8 00000098 T AddDevice
00101240 00000024 T GetDeviceOpTab
00101264 0000007c T _close_r
001012e0 0000006c T _fstat_r
0010134c 00000008 T _isatty_r
00101354 00000078 T _lseek_r
001013cc 00000078 T _read_r
00101444 00000070 T _sbrk_r
001014b4 00000078 T _write_r
0010152c 00000020 T _exit
0010154c 000001bc T _concatenate_path
00101708 00000154 T chdir
0010185c 000000a0 T getcwd
001018fc 00000008 T __flockfile
00101904 00000008 T __funlockfile
0010190c 00000018 T __libc_lock_init
00101924 00000018 T __libc_lock_acquire
0010193c 00000024 T __libc_lock_try_acquire
00101960 00000018 T __libc_lock_release
00101978 00000018 T __libc_lock_close
00101990 00000018 T __libc_lock_init_recursive
001019a8 00000018 T __libc_lock_acquire_recursive
001019c0 00000024 T __libc_lock_try_acquire_recursive
001019e4 00000018 T __libc_lock_release_recursive
001019fc 00000018 T __libc_lock_close_recursive
00101a14 00000044 T __free_handle
00101a58 0000003c T __release_handle
00101a94 00000078 T __alloc_handle
00101b0c 0000001c T __get_handle
00101b28 000000a4 T dup
00101bcc 0000010c T dup2
00101cd8 00000028 T __getreent
00101d00 t .udivsi3_skip_div0_test
00101d00 T __aeabi_uidiv
00101d00 000001ec T __udivsi3
00101eec 00000020 T __aeabi_uidivmod
00101f10 00000858 T main
00102768 000000c8 T cos
00102830 000000d0 T sin
00102900 00000164 T log
00102a68 000003b8 T pow
00102e20 000002f0 T __ieee754_log
00103110 000008c4 T __ieee754_pow
001039d8 00000304 T __ieee754_rem_pio2
00103ce0 00000214 T __ieee754_sqrt
00103ef8 00000150 T __kernel_cos
00104048 00000898 T __kernel_rem_pio2
001048e0 000000c0 T __kernel_sin
001049a0 00000010 T fabs
001049b0 00000014 T finite
001049c8 00000180 T floor
00104b48 00000074 T __fpclassifyd
00104bbc 00000008 T matherr
00104bc8 00000010 T nan
00104bd8 0000016c T rint
00104d48 00000184 T scalbn
00104ed0 0000001c T copysign
00104eec 0000001c T debug_write
00104f08 000001ac T consoleDrawChar
001050b4 00000128 T consolePrintChar
001051dc 00000184 t consoleCls
00105360 000000f8 T consoleInit
00105458 00000138 t consoleClearLine
00105590 000000c0 t newRow
00105650 0000086c T con_write
00105ebc 0000008c t gfxSetFramebufferInfo.part.0
00105f48 00000018 T gfxSetScreenFormat
00105f60 00000014 T gfxSetDoubleBuffering
00105f74 00000070 T gfxSetFramebufferInfo
00105fe4 00000088 T gfxWriteFramebufferInfo
0010606c 000001d0 T gfxInit
0010623c 000000e0 T gfxExit
0010631c 000000b0 T gfxGetFramebuffer
001063cc 000000cc T gfxFlushBuffers
00106498 00000070 T gfxConfigScreen
00106508 00000020 T gfxSwapBuffers
00106528 00000020 T gfxSwapBuffersGpu
00106548 00000004 W _aptDebug
0010654c 00000134 T aptSendCommand
00106680 00000098 T aptInitCaptureInfo
00106718 00000028 T aptWaitStatusEvent
00106740 0000006c T aptSetStatus
001067ac 00000234 t __handle_notification
001069e0 00000074 T APT_AppletUtility
00106a54 000000d4 T aptAppletUtility_Exit_RetToApp
00106b28 0000003c T aptAppletClosed
00106b64 0000028c T aptExit
00106df0 000000b0 t aptAppStarted
00106ea0 00000224 T aptInit
001070c4 000001f4 t aptReturnToMenu.part.1
001072b8 00000040 T aptReturnToMenu
001072f8 00000128 T aptAppletStarted
00107420 000001a4 T aptMainLoop
001075c4 00000088 T APT_ReceiveParameter
0010764c 000001c8 T aptEventHandler
00107814 0000006c T APT_CheckNew3DS
00107880 00000124 t gspEventThreadMain
001079a4 00000074 T gspInit
00107a18 0000003c T gspExit
00107a54 000000d0 T gspInitEventHandler
00107b24 0000005c T gspExitEventHandler
00107b80 00000058 T gspWaitForEvent
00107bd8 0000006c T GSPGPU_SetBufferSwap
00107c44 0000004c T GSPGPU_FlushDataCache
00107c90 00000034 T GSPGPU_SetLcdForceBlack
00107cc4 00000064 T GSPGPU_RegisterInterruptRelayQueue
00107d28 0000002c T GSPGPU_UnregisterInterruptRelayQueue
00107d54 00000048 T GSPGPU_AcquireRight
00107d9c 0000002c T GSPGPU_ReleaseRight
00107dc8 00000080 T GSPGPU_ImportDisplayCaptureInfo
00107e48 0000002c T GSPGPU_SaveVramSysArea
00107e74 0000002c T GSPGPU_RestoreVramSysArea
00107ea0 000000d8 T hidExit
00107f78 00000238 T hidScanInput
001081b0 00000010 T hidKeysDown
001081c0 00000090 T HIDUSER_GetHandles
00108250 00000184 T hidInit
001083d4 000000b0 T irrstScanInput
00108484 0000001c T irrstKeysHeld
001084a0 00000050 T IRRST_GetHandles
001084f0 00000148 T irrstInit
00108638 0000002c T IRRST_Shutdown
00108664 000000b0 T irrstExit
00108714 00000014 T micGetSampleDataSize
00108728 00000040 T MICU_MapSharedMem
00108768 0000002c T MICU_UnmapSharedMem
00108794 00000048 T MICU_StartSampling
001087dc 00000034 T MICU_SetGain
00108810 00000040 T MICU_GetGain
00108850 00000034 T MICU_SetPower
00108884 000000a0 T micExit
00108924 000000e4 T micInit
00108a08 000000f4 T __system_initArgv
00108afc 00000038 W __libctru_init
00108b34 00000030 t __ctru_get_reent
00108b64 000000e8 T __system_initSyscalls
00108c4c T svcControlMemory
00108c6c T svcExitProcess
00108c74 T svcCreateThread
00108c94 T svcExitThread
00108c9c T svcReleaseMutex
00108ca4 T svcCreateEvent
00108cb8 T svcSignalEvent
00108cc0 T svcClearEvent
00108cc8 T svcCreateMemoryBlock
00108ce0 T svcMapMemoryBlock
00108ce8 T svcUnmapMemoryBlock
00108cf0 T svcCreateAddressArbiter
00108d04 T svcArbitrateAddress
00108d1c T svcCloseHandle
00108d24 T svcWaitSynchronization
00108d2c T svcWaitSynchronizationN
00108d54 T svcDuplicateHandle
00108d68 T svcGetSystemTick
00108d70 T svcGetSystemInfo
00108d88 T svcConnectToPort
00108d9c T svcSendSyncRequest
00108da4 T svcBreak
00108dac T svcOutputDebugString
00108db4 00000024 t addrMapNodeComparator(rbtree_node const*, rbtree_node const*)
00108dd8 00000004 t addrMapNodeDestructor(rbtree_node*)
00108ddc 00000140 T linearMemAlign
00108f1c 00000008 T linearAlloc
00108f24 00000050 T linearFree
00108f74 00000024 t addrMapNodeComparator(rbtree_node const*, rbtree_node const*)
00108f98 00000004 t addrMapNodeDestructor(rbtree_node*)
00108f9c 000000f4 T mappableAlloc
00109090 00000050 T mappableFree
001090e0 000000a0 T MemPool::CoalesceRight(MemBlock*)
00109180 0000018c T MemPool::Allocate(MemChunk&, unsigned long, int)
0010930c 00000104 T MemPool::Deallocate(MemChunk const&)
00109410 00000024 t addrMapNodeComparator(rbtree_node const*, rbtree_node const*)
00109434 00000004 t addrMapNodeDestructor(rbtree_node*)
00109438 00000130 T vramMemAlign
00109568 00000008 T vramAlloc
00109570 00000050 T vramFree
001095c0 00000094 T envGetHandle
00109654 0000004c T envDestroyHandles
001096a0 00000058 t getSysTime
001096f8 00000024 T osGetMemRegionUsed
00109720 000000f4 T __libctru_gtod
00109818 00000034 T __ctru_speedup_config
0010984c 00000050 T srvExit
0010989c 00000038 T srvRegisterClient
001098d4 00000070 T srvInit
00109944 00000068 T srvGetServiceHandleDirect
001099ac 00000038 T srvGetServiceHandle
001099e4 00000034 t LightLock_Unlock.part.1
00109a18 0000000c T __sync_init
00109a24 00000018 T __sync_fini
00109a3c 00000018 T LightLock_Init
00109a54 00000094 T LightLock_Lock
00109ae8 00000034 T LightLock_TryLock
00109b1c 00000020 T LightLock_Unlock
00109b3c 00000024 T RecursiveLock_Init
00109b60 00000030 T RecursiveLock_Lock
00109b90 00000058 T RecursiveLock_TryLock
00109be8 00000038 T RecursiveLock_Unlock
00109c20 000001c8 T threadCreate
00109de8 00000024 T threadJoin
00109e0c 0000006c T threadExit
00109e78 0000003c t _thread_begin
00109eb4 00000070 T ptmSysmInit
00109f24 00000034 T ptmSysmExit
00109f58 00000034 T PTMSYSM_ConfigureNew3DSCPU
00109f8c 00000070 T rbtree_find
00109ffc 00000014 T rbtree_init
0010a010 000001d4 t do_insert
0010a1e4 00000008 T rbtree_insert
0010a1ec 0000035c T rbtree_remove
0010a548 000000ac T rbtree_rotate
0010a5f4 00000058 t osGetMemRegionSize
0010a64c 00000124 W __system_allocateHeaps
0010a770 0000001c W __appExit
0010a78c 0000001c W __appInit
0010a7a8 000000a4 W __libctru_exit
0010a84c 00000010 t sdmc_link
0010a85c 00000010 t sdmc_dirreset
0010a86c 00000010 t sdmc_chmod
0010a87c 00000010 t sdmc_fchmod
0010a88c 00000024 t error_cmp
0010a8b0 00000050 t sdmc_translate_error
0010a900 00000034 t sdmc_fsync
0010a934 00000054 t sdmc_ftruncate
0010a988 000000ac t sdmc_statvfs
0010aa34 00000038 t sdmc_dirclose
0010aa6c 0000013c t sdmc_dirnext
0010aba8 00000034 t sdmc_close
0010abdc 00000074 t sdmc_fstat
0010ac50 000000c0 t sdmc_seek
0010ad10 0000008c t sdmc_read
0010ad9c 00000110 t sdmc_write_safe
0010aeac 000001b4 t sdmc_utf16path
0010b060 00000074 t sdmc_rmdir
0010b0d4 000000a8 t sdmc_diropen
0010b17c 000000a0 t sdmc_chdir
0010b21c 00000098 t sdmc_mkdir
0010b2b4 00000108 t sdmc_rename
0010b3bc 00000074 t sdmc_unlink
0010b430 00000108 t sdmc_stat
0010b538 00000188 t sdmc_open
0010b6c0 0000015c T sdmcInit
0010b81c 00000054 T sdmcExit
0010b870 00000028 t fsSessionForArchive.part.0
0010b898 000000cc T fsInit
0010b964 00000038 T fsExit
0010b99c 00000074 T fsExemptFromSession
0010ba10 00000054 T fsUnexemptFromSession
0010ba64 000000bc T FSUSER_OpenFile
0010bb20 000000a4 T FSUSER_DeleteFile
0010bbc4 000000e0 T FSUSER_RenameFile
0010bca4 000000a4 T FSUSER_DeleteDirectory
0010bd48 000000bc T FSUSER_CreateFile
0010be04 000000ac T FSUSER_CreateDirectory
0010beb0 000000e0 T FSUSER_RenameDirectory
0010bf90 000000a4 T FSUSER_OpenDirectory
0010c034 0000009c T FSUSER_OpenArchive
0010c0d0 00000074 T FSUSER_CloseArchive
0010c144 00000078 T FSUSER_GetSdmcArchiveResource
0010c1bc 00000064 T FSUSER_IsSdmcWritable
0010c220 0000005c T FSFILE_Read
0010c27c 00000064 T FSFILE_Write
0010c2e0 0000003c T FSFILE_GetSize
0010c31c 0000002c T FSFILE_SetSize
0010c348 0000003c T FSFILE_Close
0010c384 00000024 T FSFILE_Flush
0010c3a8 00000054 T FSDIR_Read
0010c3fc 0000003c T FSDIR_Close
0010c438 0000008c T rbtree_node_next
0010c4c4 00000138 T decode_utf8
0010c5fc 000000e4 T utf16_to_utf8
0010c6e0 000000bc T utf8_to_utf16
0010c79c T __aeabi_read_tp
0010c7a8 00000060 T decode_utf16
0010c808 00000068 T encode_utf16
0010c870 00000104 T encode_utf8
0010c974 00000078 T bsearch
0010c9ec 0000000c T __errno
0010c9f8 00000034 T exit
0010ca2c 0000003c T __libc_fini_array
0010ca68 0000003c T fprintf
0010caa4 00000118 T _fwrite_r
0010cbbc 00000038 T fwrite
0010cbf4 00000078 T __libc_init_array
0010cc6c 00000020 T memalign
0010cc8c 0000015c T _memalign_r
0010cde8 00000018 T malloc
0010ce00 00000018 T free
0010ce18 000007a8 T _malloc_r
0010d5c0 000000f0 T memcpy
0010d6b0 000000f4 T memset
0010d7a4 0000000c T __malloc_lock
0010d7b0 0000000c T __malloc_unlock
0010d7bc 00000038 T printf
0010d7f4 0000001c T putchar
0010d810 000000e8 T _putc_r
0010d8f8 000000ec T _puts_r
0010d9e4 00000018 T puts
0010d9fc 000001fc T setvbuf
0010dbf8 00000074 T sscanf
0010dc6c 00000030 T __sread
0010dc9c 00000008 T __seofread
0010dca4 00000054 T __swrite
0010dcf8 0000002c T __sseek
0010dd24 00000008 T __sclose
0010dd2c 0000015c T strchr
0010de88 0000005c T strlen
0010dee4 000000a4 T strncat
0010df88 000000e0 T strncpy
0010e068 00002c20 T __ssvfscanf_r
00110c88 000000a4 t __sprint_r.part.0
00110d2c 0000001c T __sprint_r
00110d48 0000161c t get_arg
00112368 00004878 T _vfprintf_r
00116be0 000000cc t __sbprintf
00116cac 00000124 T __swbuf_r
00116dd0 0000008c T _wcrtomb_r
00116e5c 00000020 T _wcsrtombs_r
00116e7c 00000114 T __utf8_wctomb
00116f90 00000148 T __swsetup_r
001170d8 00000174 T __call_exitprocs
0011724c 000001bc t quorem
00117408 000012c8 T _dtoa_r
001186d0 00000230 T __sflush_r
00118900 00000090 T _fflush_r
00118990 0000000c T _cleanup_r
0011899c 00000080 t std.isra.0
00118a1c 0000008c T __sinit
00118aa8 0000000c T __sfp_lock_acquire
00118ab4 0000000c T __sfp_lock_release
00118ac0 00000124 T __fputwc
00118be4 000000a8 T _fputwc_r
00118c8c 000000f8 T _malloc_trim_r
00118d84 000002e4 T _free_r
00119068 000004a4 T __sfvwrite_r
0011950c 00000080 T _fwalk_reent
0011958c 00000074 T iswspace
00119600 00000204 t __jp2uc
00119804 00000084 T _jp2uc
00119888 0000000c T __locale_charset
00119894 00000010 T __locale_mb_cur_max
001198a4 0000000c T _localeconv_r
001198b0 00000160 T __smakebuf_r
00119a10 00000098 T _mbrtowc_r
00119aa8 000002fc T __utf8_mbtowc
00119da4 00000100 T memchr
00119ea4 00000128 T memmove
00119fcc 0000008c T _Balloc
0011a058 0000001c T _Bfree
0011a074 000000d0 T __multadd
0011a144 000000e4 T __s2b
0011a228 0000005c T __hi0bits
0011a284 00000098 T __lo0bits
0011a31c 00000020 T __i2b
0011a33c 000001dc T __multiply
0011a518 00000100 T __pow5mult
0011a618 000000f0 T __lshift
0011a708 00000064 T __mcmp
0011a76c 00000198 T __mdiff
0011a904 00000078 T __ulp
0011a97c 000000d4 T __b2d
0011aa50 00000104 T __d2b
0011ab54 00000078 T __ratio
0011abcc 0000006c T __copybits
0011ac38 00000080 T __any_on
0011acb8 000004c0 T _realloc_r
0011b178 000000d0 T __sccl
0011b248 0000000c T nanf
0011b258 00000094 T frexp
0011b2f0 00000068 T sprintf
0011b358 00000108 T stpncpy
0011b460 0000011c T strncmp
0011b57c 00000058 t sulp
0011b5d8 0000144c T _strtod_r
0011ca28 0000025c T _strtoll_r
0011cc84 000001d4 T _strtol_r
0011ce58 00000264 T _strtoull_r
0011d0c0 000001d4 T _strtoul_r
0011d294 000001a8 T __ssprint_r
0011d43c 000000f8 T _sungetc_r
0011d534 0000006c T __ssrefill_r
0011d5a0 000000c8 T _sfread_r
0011d668 0000161c t get_arg
0011ec88 000049fc T _svfprintf_r
00123688 000000a8 T __submore
00123730 00000190 T _wcsnrtombs_r
001238c0 00000090 T _calloc_r
00123950 00000120 T _fclose_r
00123a70 000000ec t rshift
00123b5c 000007d0 T __gethex
0012432c 00000258 T __hexnan
00124584 0000005c T strnlen
001245e0 00000044 T strrchr
00124624 T _fini
00125000 00000030 r NOTES
00125030 00000068 r dotab_3dmoo
00125098 00000068 r dotab_stdout
00125100 00000068 r dotab_null
00125168 00000030 r colorTable
00125198 00000014 r CSWTCH.21
001251ac 00000008 r framebufferInfoSt
001251b4 0000000c r serviceNameTable.6220
001251c0 R default_font_bin
001259c0 R default_font_bin_end
001259c0 R default_font_bin_size
001259c4 00000030 r error_table
00125a00 00000068 R dotab_stdnull
00125a68 00000003 R DIRECTORY_PARENT
00125a6c 00000002 R DIRECTORY_THIS
00125a70 00000002 R DIRECTORY_SEPARATOR
00125bec 00000080 r npio2_hw
00125c6c 00000108 r two_over_pi
00125d74 00000010 r init_jk
00125d88 00000040 r PIo2
00125dc8 00000010 r TWO52
00125eb8 00000004 R _global_impure_ptr
00125ebc 00000022 r basefix.7044
00125ee8 00000010 r zeroes.7138
00125f38 r .LC2
00125f3c 00000010 r blanks.7137
00125f4c 00000101 R _ctype_
00126060 000000bc r a1
0012611c 000000bc r a2
001261d8 0000005b r a3
00126234 00000070 r a6
001262a4 000000a2 r a7
00126348 00000040 r a8
0012639c 0000172a r b02cf
00127ac8 00001a7c r d02f4
00129658 000000c8 R __mprec_tens
00129720 0000000c r p05.5412
00129730 00000028 R __mprec_bigtens
00129758 00000014 r fpinan.5417
0012977c 00000014 r fpi.5381
00129790 00000028 r tinytens
001297b8 0000006c R __state_table
00129824 00000100 R __chclass
00129924 0000006c R __action_table
00129990 00000010 r blanks.7122
001299a0 00000010 r zeroes.7123
001299b0 00000100 R __hexdig
00129ab8 r __EH_FRAME_BEGIN__
00129ab8 R __exidx_end
00129ab8 R __exidx_start
0012a000 0000004c D defaultConsole
0012a04c 00000004 D currentConsole
0012a050 00000001 d firstConsoleInit.6557
0012a054 00000001 d topFormat
0012a055 00000001 d botFormat
0012a058 00000008 d doubleBuf
0012a060 00000004 D aptStatusMutex
0012a064 00000001 d aptSleepAllowed
0012a068 W __stacksize__
0012a06c 00000401 d __cwd
0012a470 00000068 d sdmc_devoptab
0012a4d8 00000004 d defaultDevice
0012a4dc 00000040 D devoptab_list
0012a51c 00001000 d _current_working_directory
0012b51c 0000000c d __stdin_handle
0012b528 0000000c d __stdout_handle
0012b534 0000000c d __stderr_handle
0012b540 00000004 d __hndl_lock
0012b544 00001000 d handles
0012c544 00000001 D __fdlib_version
0012c548 00000440 d impure_data
0012c988 00000004 D _impure_ptr
0012c98c 00000408 D __malloc_av_
0012cd94 00000004 D __malloc_trim_threshold
0012cd98 00000004 D __malloc_sbrk_base
0012cd9c 0000000c d __malloc_lock_object
0012cda8 00000004 D __wctomb
0012cdac 0000000c D __atexit_lock
0012cdb8 00000004 D __ctype_ptr__
0012cdbc 0000000c d __sfp_lock
0012cdc8 0000000c d __sinit_lock
0012cdd4 00000038 d lconv
0012ce0c 00000020 d lc_ctype_charset
0012ce2c 00000004 D __mb_cur_max
0012ce30 00000004 D __mbtowc
0012ce34 t __frame_dummy_init_array_entry
0012ce34 T __init_array_start
0012ce34 d __JCR_LIST__
0012ce34 B __preinit_array_end
0012ce34 B __preinit_array_start
0012ce34 D __tdata_lma
0012ce34 D __tdata_lma_end
0012ce34 D __TMC_END__
0012ce34 d __TMC_LIST__
0012ce38 t __do_global_dtors_aux_fini_array_entry
0012ce38 T __fini_array_start
0012ce38 T __init_array_end
0012ce3c T __bss_start__
0012ce3c T __fini_array_end
0012ce3c b completed.6505
0012ce40 b object.6510
0012ce58 00000001 b enable3d
0012ce5c 00000004 b screenFree
0012ce60 00000002 b currentBuffer
0012ce64 00000004 b serviceName.6219
0012ce68 0000000c b aptFirstHook
0012ce74 00000001 B aptStatus
0012ce75 00000001 B aptStatusBeforeSleep
0012ce78 00000004 b aptRefCount
0012ce7c 00000002 b __apt_launchapplet_appID
0012ce80 00000020 b __ns_capinfo
0012cea0 00000004 b __apt_launchapplet_parambuf
0012cea4 00000004 b __apt_launchapplet_parambufsize
0012cea8 00000004 b __apt_launchapplet_inhandle
0012ceac 00000001 b flagInit.6553
0012cead 00000001 b flagValue.6554
0012ceb0 00000004 b gspEvent
0012ceb4 00000004 b gspEventData
0012ceb8 00000004 b gspRefCount
0012cebc 00000004 b hidRefCount
0012cec0 00000004 b kOld
0012cec4 00000004 b kHeld
0012cec8 00000004 b cPos
0012cecc 00000004 b tPos
0012ced0 00000006 b aVec
0012ced8 00000006 b gRate
0012cee0 00000004 b kDown
0012cee4 00000004 b kUp
0012cee8 00000004 b irrstRefCount
0012ceec 00000004 b kHeld
0012cef0 00000004 b csPos
0012cef4 00000004 b micSharedMemSize
0012cef8 00000004 b micSharedMem
0012cefc 00000004 b micHandle
0012cf00 00000004 b micRefCount
0012cf04 00000004 b micSharedMemHandle
0012cf08 b saved_stack
0012cf10 00000008 b sLinearPool
0012cf18 0000000c b sAddrMap
0012cf24 00000008 b sMappablePool
0012cf2c 0000000c b sAddrMap
0012cf38 00000008 b sVramPool
0012cf40 0000000c b sAddrMap
0012cf4c 00000001 V __ctru_speedup
0012cf50 00000004 b srvRefCount
0012cf54 00000004 b srvHandle
0012cf58 00000004 b arbiter
0012cf5c 00000004 b ptmSysmRefCount
0012cf60 00000004 b ptmSysmHandle
0012cf68 00000008 b sdmcArchive
0012cf70 00000001 b sdmcInitialised
0012cf78 00000004 b fsuHandle
0012cf7c 00000004 b fsuRefCount
0012cf80 00000080 b fsExemptArchives
0012d000 00000004 b heap_start.5704
0012d004 00000004 B fake_heap_start
0012d008 00000004 B fake_heap_end
0012d00c 00001000 b temp_cwd
0012e00c 00000038 B __syscalls
0012e044 00000004 B __malloc_max_total_mem
0012e048 00000004 B __malloc_max_sbrked_mem
0012e04c 00000004 B __malloc_top_pad
0012e050 00000028 B __malloc_current_mallinfo
0012e078 00000001 B gain
0012e07c 0000004c B currentCopy
0012e0c8 00000008 B gfxBottomFramebuffers
0012e0d0 00000004 B gspSharedMemHandle
0012e0d4 0000001c B bottomFramebufferInfo
0012e0f0 00000004 B gspEvent
0012e0f4 00000008 B gfxTopLeftFramebuffers
0012e0fc 00000008 B gfxTopRightFramebuffers
0012e104 0000001c B topFramebufferInfo
0012e120 00000001 B gfxThreadID
0012e124 00000004 B gfxSharedMemory
0012e128 00000004 B gxCmdBuf
0012e12c 00000004 B aptEventHandlerThread
0012e130 00000004 B aptSleepSync
0012e134 00001000 B aptParameters
0012f134 0000000c B aptEvents
0012f140 00000004 B aptStatusEvent
0012f144 00000004 B aptStatusPower
0012f148 00000004 B aptLockHandle
0012f14c 00000002 B currentAppId
0012f150 00000007 B gspEventCbOneShot
0012f158 0000001c B gspEventCb
0012f174 00000004 B gspGpuHandle
0012f178 00000004 B gspEventThread
0012f17c 0000001c B gspEventCounts
0012f198 0000001c B gspEvents
0012f1b4 00000001 B gspRunEvents
0012f1b8 0000001c B gspEventCbData
0012f1d4 00000004 B hidMemHandle
0012f1d8 00000004 B hidHandle
0012f1dc 00000004 B hidSharedMem
0012f1e0 00000014 B hidEvents
0012f1f4 00000004 B irrstHandle
0012f1f8 00000004 B irrstEvent
0012f1fc 00000004 B irrstMemHandle
0012f200 00000004 B irrstSharedMem
0012f204 00000004 B __system_argv
0012f208 00000004 B __system_argc
0012f20c 00000004 B __system_retAddr
0012f210 00000004 B __ctru_heap_size
0012f214 00000004 B __ctru_linear_heap
0012f218 00000004 B __ctru_heap
0012f21c 00000004 B __ctru_linear_heap_size
0012f220 B __tls_start
0013262c B __bss_end__
0013262c A __end__
0013262c B __tls_end
